<?xml version="1.0" encoding="UTF-8"?>
<!-- Generated by org.testng.reporters.JUnitReportReporter -->
<testsuite hostname="SCI-DT-139" name="com.BBG_Gov" tests="1" failures="0" timestamp="4 Jan 2017 11:43:03 GMT" time="162.690" errors="0">
  <testcase name="bbg_gov" time="162.690" classname="com.BBG_Gov"/>
</testsuite> <!-- com.BBG_Gov -->
